<?xml version="1.0" encoding="UTF-8"?>
<testsuite name="com.neoris.bankclient.application.command.handler.UpdateCustomerHandlerTest" tests="2" skipped="0" failures="0" errors="0" timestamp="2025-09-16T15:44:42.606Z" hostname="BTQ-EQ477" time="0.021">
  <properties/>
  <testcase name="testHandleSuccessfully()" classname="com.neoris.bankclient.application.command.handler.UpdateCustomerHandlerTest" time="0.011"/>
  <testcase name="testHandleWithCustomerNotFound()" classname="com.neoris.bankclient.application.command.handler.UpdateCustomerHandlerTest" time="0.008"/>
  <system-out><![CDATA[]]></system-out>
  <system-err><![CDATA[]]></system-err>
</testsuite>
