<?xml version="1.0" encoding="UTF-8"?>
<testsuite name="com.neoris.bankclient.application.command.handler.DeleteCustomerHandlerTest" tests="2" skipped="0" failures="0" errors="0" timestamp="2025-09-16T15:44:42.575Z" hostname="BTQ-EQ477" time="0.022">
  <properties/>
  <testcase name="testHandleSuccessfully()" classname="com.neoris.bankclient.application.command.handler.DeleteCustomerHandlerTest" time="0.013"/>
  <testcase name="testHandleWithCustomerNotFound()" classname="com.neoris.bankclient.application.command.handler.DeleteCustomerHandlerTest" time="0.007"/>
  <system-out><![CDATA[]]></system-out>
  <system-err><![CDATA[]]></system-err>
</testsuite>
