<?xml version="1.0" encoding="UTF-8"?>
<testsuite name="com.neoris.bankclient.application.command.handler.CreateCustomerHandlerTest" tests="2" skipped="0" failures="0" errors="0" timestamp="2025-09-16T15:44:39.924Z" hostname="BTQ-EQ477" time="2.635">
  <properties/>
  <testcase name="testHandleWithConflict()" classname="com.neoris.bankclient.application.command.handler.CreateCustomerHandlerTest" time="2.62"/>
  <testcase name="testHandleSuccessfully()" classname="com.neoris.bankclient.application.command.handler.CreateCustomerHandlerTest" time="0.013"/>
  <system-out><![CDATA[]]></system-out>
  <system-err><![CDATA[]]></system-err>
</testsuite>
